Wed May 20 15:23:31 2026
: HTTP 500: Simulated server error
Sat May 23 14:29:25 2026
: HTTP 500: Simulated server error
Sat May 23 14:46:11 2026
: HTTP 500: Simulated server error
Sat May 23 23:13:51 2026
: HTTP 500: Simulated server error
Sun May 24 18:16:55 2026
: HTTP 500: Simulated server error
Mon May 25 18:09:32 2026
: HTTP 500: Simulated server error
Mon May 25 19:13:43 2026
: HTTP 500: Simulated server error
Mon May 25 20:14:04 2026
: HTTP 500: Simulated server error
Wed May 27 20:42:34 2026
: HTTP 500: Simulated server error
Wed May 27 20:48:24 2026
: HTTP 500: Simulated server error
Thu May 28 10:24:56 2026
: HTTP 500: Simulated server error
Sat May 30 23:01:42 2026
: HTTP 500: Simulated server error
Sat May 30 23:09:55 2026
: HTTP 500: Simulated server error
Sat May 30 23:45:20 2026
: HTTP 500: Simulated server error
Sun May 31 12:51:54 2026
: HTTP 500: Simulated server error
Sun May 31 12:56:41 2026
: HTTP 500: Simulated server error
Sun May 31 14:48:45 2026
: HTTP 500: Simulated server error
Sun May 31 15:01:04 2026
: HTTP 500: Simulated server error
Sun May 31 20:50:52 2026
: HTTP 500: Simulated server error
